Users: [
  {
    "id": 1,
    "email": "admin@property.com",
    "password": "$2b$10$tEMr8.N/N1CaGCYTusDSiuxFNxQ.YRirE230m5zWVIyGrN/64lwt6",
    "name": "Super Admin",
    "role": "ADMIN",
    "phone": null,
    "type": "Individual",
    "createdAt": "2026-02-05T09:49:27.262Z",
    "updatedAt": "2026-02-05T09:49:27.262Z"
  },
  {
    "id": 2,
    "email": "owner@property.com",
    "password": "$2b$10$tEMr8.N/N1CaGCYTusDSiuxFNxQ.YRirE230m5zWVIyGrN/64lwt6",
    "name": "Grand Holdings Ltd",
    "role": "OWNER",
    "phone": "+1 (555) 111-2222",
    "type": "Individual",
    "createdAt": "2026-02-05T09:49:27.273Z",
    "updatedAt": "2026-02-05T09:49:27.273Z"
  },
  {
    "id": 4,
    "email": "sarah@example.com",
    "password": "$2b$10$tEMr8.N/N1CaGCYTusDSiuxFNxQ.YRirE230m5zWVIyGrN/64lwt6",
    "name": "Sarah Smith",
    "role": "TENANT",
    "phone": null,
    "type": "Individual",
    "createdAt": "2026-02-05T09:49:27.312Z",
    "updatedAt": "2026-02-05T09:49:27.312Z"
  },
  {
    "id": 26,
    "email": "nikil@gmail.com",
    "password": "$2b$10$mTt1THsOoxMHNfK2qng.IuwSVSk.Z4vHeIldkcGT7Sjs3MR6NIDYO",
    "name": "nikil",
    "role": "TENANT",
    "phone": "91234565677",
    "type": "Individual",
    "createdAt": "2026-02-25T06:54:03.741Z",
    "updatedAt": "2026-02-25T06:54:03.741Z"
  },
  {
    "id": 29,
    "email": "kapil@gmail.com",
    "password": "$2b$10$rsWLYWzKftRfM9Wl3xN3Tu4YdHwNiPVlnHWZ4qjaF1tifVSiIfAp.",
    "name": "kapil",
    "role": "OWNER",
    "phone": "+9191234565677",
    "type": "Individual",
    "createdAt": "2026-02-25T07:01:11.738Z",
    "updatedAt": "2026-02-25T07:03:45.070Z"
  },
  {
    "id": 31,
    "email": "kohil@gmail.com",
    "password": "$2b$10$KLum05rP0tIhjTz1fOuuA.FK95JZ7lOXsc0CV7Xap/fHmKJctybPa",
    "name": "kohil",
    "role": "TENANT",
    "phone": "91234567",
    "type": "Individual",
    "createdAt": "2026-02-28T08:39:02.176Z",
    "updatedAt": "2026-02-28T08:39:02.176Z"
  },
  {
    "id": 32,
    "email": "kohil1@gmail.com",
    "password": "$2b$10$dmR2bTxIgdlBwR3/HO5KY.OInk7833vgmTD5EMfVrZlBzuTznMor2",
    "name": "kohil1",
    "role": "OWNER",
    "phone": "91234561784",
    "type": "Individual",
    "createdAt": "2026-02-28T08:39:58.108Z",
    "updatedAt": "2026-02-28T08:39:58.108Z"
  },
  {
    "id": 34,
    "email": "patel@gmail.com",
    "password": "$2b$10$bP57arixeTPxvOpff/biEOolfXgSpIKCkXyt1Fn7jxHHRxT704Rry",
    "name": "patel",
    "role": "OWNER",
    "phone": "91234567894",
    "type": "Individual",
    "createdAt": "2026-02-28T09:38:07.985Z",
    "updatedAt": "2026-02-28T09:38:07.985Z"
  },
  {
    "id": 36,
    "email": "welcome@gmail.com",
    "password": "$2b$10$yLt1G/bVGIghQ4FtOaM1l.7oE9t8dVsczxEVlsea7zP772vyJs7Eq",
    "name": "welcome ",
    "role": "TENANT",
    "phone": "91234567894",
    "type": "Individual",
    "createdAt": "2026-02-28T09:50:00.027Z",
    "updatedAt": "2026-02-28T09:50:00.027Z"
  },
  {
    "id": 38,
    "email": "raj@gmail.com",
    "password": "$2b$10$/szkFYkN6wg8Om6gnOsZ/OLSONOk07MnO.LAU4sBhYSSdc58at2Nm",
    "name": "raj",
    "role": "TENANT",
    "phone": null,
    "type": "Individual",
    "createdAt": "2026-02-28T10:04:21.676Z",
    "updatedAt": "2026-02-28T10:04:21.676Z"
  },
  {
    "id": 40,
    "email": "bicky@gmail.com",
    "password": "$2b$10$gaXqEILwcfh3fpHeqT6Rwe7iV.NdaZ/eqHtG.sGgyqNo8JRYVDCWi",
    "name": "bicky",
    "role": "TENANT",
    "phone": "+919123454532",
    "type": "Individual",
    "createdAt": "2026-03-12T10:16:00.031Z",
    "updatedAt": "2026-03-12T10:16:00.031Z"
  },
  {
    "id": 46,
    "email": "krsih3@gmail.com",
    "password": "$2b$10$94Y92rNvnhBeJMgiVvbj4uAGc5zPoGJ1PCZgwKfaPIZ4qSU5ttpUG",
    "name": "krish3",
    "role": "OWNER",
    "phone": "+9191234567854",
    "type": "Individual",
    "createdAt": "2026-03-12T11:54:33.738Z",
    "updatedAt": "2026-03-12T11:54:33.738Z"
  },
  {
    "id": 49,
    "email": "super1@gmail.com",
    "password": "$2b$10$eOCaX5LfzWRZYrvEWKTDLuNmqSiMab.mUpfFZMFBNAnoFhKZOL8MC",
    "name": "super1",
    "role": "OWNER",
    "phone": "9123456743",
    "type": "Individual",
    "createdAt": "2026-03-13T06:16:02.304Z",
    "updatedAt": "2026-03-13T06:16:02.304Z"
  },
  {
    "id": 50,
    "email": "tenant_1773382600865@example.com",
    "password": "password123",
    "name": "ashish",
    "role": "TENANT",
    "phone": null,
    "type": "Individual",
    "createdAt": "2026-03-13T06:16:40.867Z",
    "updatedAt": "2026-03-13T06:16:40.867Z"
  },
  {
    "id": 51,
    "email": "verified@test.com",
    "password": "$2b$10$y92lE92YNVb49TA1h9QQd.ZrM/j7tNjVF2WrW2q3A52M18CGkrlgm",
    "name": "Test Tenant",
    "role": "TENANT",
    "phone": "1231231234",
    "type": "Individual",
    "createdAt": "2026-03-13T11:40:47.206Z",
    "updatedAt": "2026-03-13T11:40:47.206Z"
  },
  {
    "id": 53,
    "email": "hero@gmail.com",
    "password": "$2b$10$EX9/2CPwCrLqtegw7hJ0vORmd4oR9NNoIZnc4joGjJvgr/cTaMjt2",
    "name": "hero",
    "role": "TENANT",
    "phone": "9123421784",
    "type": "Individual",
    "createdAt": "2026-03-14T06:02:38.716Z",
    "updatedAt": "2026-03-14T06:02:38.716Z"
  },
  {
    "id": 55,
    "email": "testtenant@example.com",
    "password": "$2b$10$/Vw9XZ.o3BgG5Dj.HGtmoO7B7AroEOhT4JoeCCILqj43WSKYoP87i",
    "name": "Test Tenant",
    "role": "TENANT",
    "phone": "1234567890",
    "type": "Individual",
    "createdAt": "2026-03-14T13:44:39.087Z",
    "updatedAt": "2026-03-14T13:44:39.087Z"
  },
  {
    "id": 57,
    "email": "xyz@gmail.com",
    "password": "$2b$10$IvMT1cwYPmVmLxRfoNRuj.uNUk1Y6xJ/EPiQxpGROwywjQ1YVdDim",
    "name": "xyz",
    "role": "TENANT",
    "phone": "9123454312",
    "type": "Individual",
    "createdAt": "2026-03-17T06:05:03.960Z",
    "updatedAt": "2026-03-17T06:05:03.960Z"
  },
  {
    "id": 58,
    "email": "xyz1@gmail.com",
    "password": "$2b$10$KBQ7URBu7gd8mj2v8sjB3eQzPpiE1mNIrYPq4Jv39HLicLfk5QGd.",
    "name": "xyz1@gmail.com",
    "role": "OWNER",
    "phone": "9123453121",
    "type": "Individual",
    "createdAt": "2026-03-17T06:06:32.819Z",
    "updatedAt": "2026-03-17T06:06:32.819Z"
  },
  {
    "id": 59,
    "email": "anam@gmail.com",
    "password": "$2b$10$8pRXIK3Ebz54d0k5dHzaSuFU0rKsMXGHqZoT3xCsMgPsiIOi/FLfq",
    "name": "anam",
    "role": "TENANT",
    "phone": "91234567832",
    "type": "Individual",
    "createdAt": "2026-03-19T07:04:17.988Z",
    "updatedAt": "2026-03-19T07:04:17.988Z"
  },
  {
    "id": 61,
    "email": "www@gmail.com",
    "password": "$2b$10$uqN8s1W62JEuVsEOSsQkiOpYcEM7IXze3D4Q45htsScSPoMP.OFi2",
    "name": "www",
    "role": "TENANT",
    "phone": "7654312321",
    "type": "Individual",
    "createdAt": "2026-03-19T07:16:04.188Z",
    "updatedAt": "2026-03-19T07:16:04.188Z"
  },
  {
    "id": 62,
    "email": "www1@gmail.com",
    "password": "$2b$10$QFCa5tF04fHYqENx/jb/2ueEpDeuK0GPf/tbAUfW5d/7mixGNQZYy",
    "name": "www1",
    "role": "OWNER",
    "phone": "9123456775",
    "type": "Individual",
    "createdAt": "2026-03-19T07:16:44.337Z",
    "updatedAt": "2026-03-19T07:16:44.337Z"
  },
  {
    "id": 63,
    "email": "dhoom@gmail.com",
    "password": "$2b$10$H6MBAKb4PAdBZ0gBla5W2eL/5XzURTC587gt3VqGcqjJ7jSyoHzh.",
    "name": "dhoom",
    "role": "TENANT",
    "phone": "91234125432",
    "type": "Individual",
    "createdAt": "2026-03-21T05:19:20.931Z",
    "updatedAt": "2026-03-21T05:19:20.931Z"
  },
  {
    "id": 64,
    "email": "dhoom2@gmail.com",
    "password": "$2b$10$2hsX09MfXpRMkYHV80ePNeTL.KSkUP2BDm78MUeEZGLFr4Xya5cDG",
    "name": "dhoom1",
    "role": "OWNER",
    "phone": "1234567898",
    "type": "Individual",
    "createdAt": "2026-03-21T05:20:22.089Z",
    "updatedAt": "2026-03-21T05:20:22.089Z"
  },
  {
    "id": 65,
    "email": "tenant@property.com",
    "password": "$2b$10$N54Gz7PkZxLpyCL1aRub/OmGI/6QHUpRYCHeD75qMC8zRnYUv52ju",
    "name": "Default Tenant",
    "role": "TENANT",
    "phone": "1234567890",
    "type": "Individual",
    "createdAt": "2026-03-21T06:33:31.567Z",
    "updatedAt": "2026-03-21T06:33:31.567Z"
  },
  {
    "id": 66,
    "email": "uninvited_1774078808512@example.com",
    "password": "hashed_password",
    "name": "Uninvited Tenant",
    "role": "TENANT",
    "phone": null,
    "type": "Individual",
    "createdAt": "2026-03-21T07:40:08.538Z",
    "updatedAt": "2026-03-21T07:40:08.538Z"
  },
  {
    "id": 67,
    "email": "uninvited_1774078892762@example.com",
    "password": "hashed_password",
    "name": "Uninvited Tenant",
    "role": "TENANT",
    "phone": null,
    "type": "Individual",
    "createdAt": "2026-03-21T07:41:32.818Z",
    "updatedAt": "2026-03-21T07:41:32.818Z"
  },
  {
    "id": 68,
    "email": "uninvited_1774078925118@example.com",
    "password": "hashed_password",
    "name": "Uninvited Tenant",
    "role": "TENANT",
    "phone": null,
    "type": "Individual",
    "createdAt": "2026-03-21T07:42:05.145Z",
    "updatedAt": "2026-03-21T07:42:05.145Z"
  },
  {
    "id": 69,
    "email": "sys@gmail.com",
    "password": "$2b$10$VzMQv9tf0yvA0HiNCLdCQ.kLWKmwJmCP4fZXE.pXFod7fmGaOY8ke",
    "name": "sys",
    "role": "TENANT",
    "phone": "91234521673",
    "type": "Individual",
    "createdAt": "2026-03-21T07:56:19.879Z",
    "updatedAt": "2026-03-21T07:56:19.879Z"
  },
  {
    "id": 70,
    "email": "aaa@gmail.com",
    "password": "$2b$10$MWdd1FqAUO.XRc4BkL12fe9VPVut5ezBiR5/tcfjRSqFlUudYfTuS",
    "name": "aaa",
    "role": "TENANT",
    "phone": "9123454312",
    "type": "Individual",
    "createdAt": "2026-03-21T08:32:54.380Z",
    "updatedAt": "2026-03-21T08:32:54.380Z"
  },
  {
    "id": 71,
    "email": "asa@gmail.com",
    "password": "$2b$10$4.9DDfuu.p3zax4ix0k2WOBKZXvWxOISQ9xkla0l5q0cU9bK8x.4O",
    "name": "asa",
    "role": "OWNER",
    "phone": "9123412312",
    "type": "Individual",
    "createdAt": "2026-03-21T08:33:38.818Z",
    "updatedAt": "2026-03-21T08:33:38.818Z"
  }
]

Leases: [
  {
    "id": 31,
    "unitId": 5,
    "tenantId": 4,
    "startDate": "2026-01-01T00:00:00.000Z",
    "endDate": "2027-01-01T00:00:00.000Z",
    "status": "Active",
    "monthlyRent": "5000",
    "createdAt": "2026-02-12T04:51:38.547Z",
    "updatedAt": "2026-02-12T04:51:38.547Z",
    "securityDeposit": null,
    "bedroom": null,
    "serviceFees": null
  },
  {
    "id": 33,
    "unitId": 5,
    "tenantId": 4,
    "startDate": "2026-01-01T00:00:00.000Z",
    "endDate": "2027-01-01T00:00:00.000Z",
    "status": "Active",
    "monthlyRent": "5000",
    "createdAt": "2026-02-12T06:24:15.275Z",
    "updatedAt": "2026-02-12T06:24:15.275Z",
    "securityDeposit": null,
    "bedroom": null,
    "serviceFees": null
  },
  {
    "id": 39,
    "unitId": 5,
    "tenantId": 4,
    "startDate": "2026-01-01T00:00:00.000Z",
    "endDate": "2027-01-01T00:00:00.000Z",
    "status": "Active",
    "monthlyRent": "5000",
    "createdAt": "2026-02-25T11:37:31.773Z",
    "updatedAt": "2026-02-25T11:37:31.773Z",
    "securityDeposit": null,
    "bedroom": null,
    "serviceFees": null
  },
  {
    "id": 43,
    "unitId": 5,
    "tenantId": 4,
    "startDate": "2026-01-01T00:00:00.000Z",
    "endDate": "2027-01-01T00:00:00.000Z",
    "status": "Active",
    "monthlyRent": "5000",
    "createdAt": "2026-02-25T11:38:38.981Z",
    "updatedAt": "2026-02-25T11:38:38.981Z",
    "securityDeposit": null,
    "bedroom": null,
    "serviceFees": null
  },
  {
    "id": 46,
    "unitId": 20,
    "tenantId": 31,
    "startDate": null,
    "endDate": null,
    "status": "Active",
    "monthlyRent": null,
    "createdAt": "2026-02-28T08:39:02.178Z",
    "updatedAt": "2026-02-28T08:39:02.178Z",
    "securityDeposit": null,
    "bedroom": null,
    "serviceFees": null
  },
  {
    "id": 52,
    "unitId": 22,
    "tenantId": 36,
    "startDate": null,
    "endDate": null,
    "status": "Active",
    "monthlyRent": null,
    "createdAt": "2026-02-28T09:50:00.030Z",
    "updatedAt": "2026-02-28T09:50:00.030Z",
    "securityDeposit": null,
    "bedroom": null,
    "serviceFees": null
  },
  {
    "id": 54,
    "unitId": 24,
    "tenantId": 40,
    "startDate": null,
    "endDate": null,
    "status": "Active",
    "monthlyRent": null,
    "createdAt": "2026-03-12T10:16:00.035Z",
    "updatedAt": "2026-03-12T10:16:00.035Z",
    "securityDeposit": null,
    "bedroom": null,
    "serviceFees": null
  },
  {
    "id": 60,
    "unitId": 30,
    "tenantId": 50,
    "startDate": "2026-03-01T00:00:00.000Z",
    "endDate": "2026-03-29T00:00:00.000Z",
    "status": "Active",
    "monthlyRent": "1900",
    "createdAt": "2026-03-13T06:16:40.882Z",
    "updatedAt": "2026-03-13T06:16:40.882Z",
    "securityDeposit": "500",
    "bedroom": null,
    "serviceFees": "0"
  },
  {
    "id": 61,
    "unitId": 31,
    "tenantId": 53,
    "startDate": null,
    "endDate": null,
    "status": "Active",
    "monthlyRent": null,
    "createdAt": "2026-03-14T06:02:38.719Z",
    "updatedAt": "2026-03-14T06:02:38.719Z",
    "securityDeposit": null,
    "bedroom": null,
    "serviceFees": null
  },
  {
    "id": 62,
    "unitId": 31,
    "tenantId": 53,
    "startDate": "2026-03-01T00:00:00.000Z",
    "endDate": "2026-03-31T00:00:00.000Z",
    "status": "Active",
    "monthlyRent": "7700",
    "createdAt": "2026-03-14T06:04:00.562Z",
    "updatedAt": "2026-03-14T06:04:00.562Z",
    "securityDeposit": "300",
    "bedroom": null,
    "serviceFees": "0"
  },
  {
    "id": 63,
    "unitId": 29,
    "tenantId": 57,
    "startDate": null,
    "endDate": null,
    "status": "Active",
    "monthlyRent": null,
    "createdAt": "2026-03-17T06:05:03.964Z",
    "updatedAt": "2026-03-17T06:05:03.964Z",
    "securityDeposit": null,
    "bedroom": null,
    "serviceFees": null
  },
  {
    "id": 64,
    "unitId": 33,
    "tenantId": 59,
    "startDate": null,
    "endDate": null,
    "status": "Active",
    "monthlyRent": null,
    "createdAt": "2026-03-19T07:04:17.992Z",
    "updatedAt": "2026-03-19T07:04:17.992Z",
    "securityDeposit": null,
    "bedroom": null,
    "serviceFees": null
  },
  {
    "id": 65,
    "unitId": 33,
    "tenantId": 59,
    "startDate": "2026-03-02T00:00:00.000Z",
    "endDate": "2026-03-28T00:00:00.000Z",
    "status": "Active",
    "monthlyRent": "120",
    "createdAt": "2026-03-19T07:05:36.064Z",
    "updatedAt": "2026-03-19T07:05:36.064Z",
    "securityDeposit": "12",
    "bedroom": null,
    "serviceFees": "0"
  },
  {
    "id": 66,
    "unitId": 35,
    "tenantId": 61,
    "startDate": null,
    "endDate": null,
    "status": "Active",
    "monthlyRent": null,
    "createdAt": "2026-03-19T07:16:04.196Z",
    "updatedAt": "2026-03-19T07:16:04.196Z",
    "securityDeposit": null,
    "bedroom": null,
    "serviceFees": null
  },
  {
    "id": 67,
    "unitId": 36,
    "tenantId": 63,
    "startDate": null,
    "endDate": null,
    "status": "Active",
    "monthlyRent": null,
    "createdAt": "2026-03-21T05:19:20.940Z",
    "updatedAt": "2026-03-21T05:19:20.940Z",
    "securityDeposit": null,
    "bedroom": null,
    "serviceFees": null
  },
  {
    "id": 68,
    "unitId": 36,
    "tenantId": 63,
    "startDate": "2026-03-01T00:00:00.000Z",
    "endDate": "2026-03-28T00:00:00.000Z",
    "status": "Active",
    "monthlyRent": "60",
    "createdAt": "2026-03-21T05:21:04.910Z",
    "updatedAt": "2026-03-21T05:21:04.910Z",
    "securityDeposit": "5",
    "bedroom": null,
    "serviceFees": "0"
  },
  {
    "id": 69,
    "unitId": 1,
    "tenantId": 65,
    "startDate": "2026-01-01T00:00:00.000Z",
    "endDate": "2027-01-01T00:00:00.000Z",
    "status": "Active",
    "monthlyRent": "1500",
    "createdAt": "2026-03-21T07:11:28.342Z",
    "updatedAt": "2026-03-21T07:11:28.342Z",
    "securityDeposit": null,
    "bedroom": null,
    "serviceFees": null
  },
  {
    "id": 70,
    "unitId": 3,
    "tenantId": 65,
    "startDate": "2026-01-01T00:00:00.000Z",
    "endDate": "2027-01-01T00:00:00.000Z",
    "status": "Active",
    "monthlyRent": "1500",
    "createdAt": "2026-03-21T07:11:38.432Z",
    "updatedAt": "2026-03-21T07:11:38.432Z",
    "securityDeposit": null,
    "bedroom": null,
    "serviceFees": null
  },
  {
    "id": 71,
    "unitId": 1,
    "tenantId": 66,
    "startDate": null,
    "endDate": null,
    "status": "Active",
    "monthlyRent": "1000",
    "createdAt": "2026-03-21T07:40:08.610Z",
    "updatedAt": "2026-03-21T07:40:08.633Z",
    "securityDeposit": null,
    "bedroom": null,
    "serviceFees": null
  },
  {
    "id": 72,
    "unitId": 1,
    "tenantId": 67,
    "startDate": null,
    "endDate": null,
    "status": "Active",
    "monthlyRent": "1000",
    "createdAt": "2026-03-21T07:41:32.903Z",
    "updatedAt": "2026-03-21T07:41:32.916Z",
    "securityDeposit": null,
    "bedroom": null,
    "serviceFees": null
  },
  {
    "id": 73,
    "unitId": 1,
    "tenantId": 68,
    "startDate": null,
    "endDate": null,
    "status": "Active",
    "monthlyRent": "1000",
    "createdAt": "2026-03-21T07:42:05.394Z",
    "updatedAt": "2026-03-21T07:42:05.436Z",
    "securityDeposit": null,
    "bedroom": null,
    "serviceFees": null
  },
  {
    "id": 74,
    "unitId": 1,
    "tenantId": 61,
    "startDate": "2026-03-21T07:53:33.476Z",
    "endDate": "2027-03-21T07:53:33.476Z",
    "status": "DRAFT",
    "monthlyRent": "12000",
    "createdAt": "2026-03-21T07:53:33.477Z",
    "updatedAt": "2026-03-21T07:53:33.477Z",
    "securityDeposit": null,
    "bedroom": null,
    "serviceFees": null
  },
  {
    "id": 75,
    "unitId": 36,
    "tenantId": 69,
    "startDate": null,
    "endDate": null,
    "status": "Active",
    "monthlyRent": null,
    "createdAt": "2026-03-21T07:56:19.881Z",
    "updatedAt": "2026-03-21T07:56:19.881Z",
    "securityDeposit": null,
    "bedroom": null,
    "serviceFees": null
  },
  {
    "id": 76,
    "unitId": 36,
    "tenantId": 63,
    "startDate": "2026-03-01T00:00:00.000Z",
    "endDate": "2026-03-22T00:00:00.000Z",
    "status": "Active",
    "monthlyRent": "11",
    "createdAt": "2026-03-21T07:59:00.188Z",
    "updatedAt": "2026-03-21T07:59:00.188Z",
    "securityDeposit": "12",
    "bedroom": null,
    "serviceFees": "0"
  },
  {
    "id": 77,
    "unitId": 36,
    "tenantId": 63,
    "startDate": "2026-03-01T00:00:00.000Z",
    "endDate": "2026-04-01T00:00:00.000Z",
    "status": "Active",
    "monthlyRent": "120",
    "createdAt": "2026-03-21T07:59:48.279Z",
    "updatedAt": "2026-03-21T07:59:48.279Z",
    "securityDeposit": "22",
    "bedroom": null,
    "serviceFees": "0"
  },
  {
    "id": 78,
    "unitId": 38,
    "tenantId": 70,
    "startDate": null,
    "endDate": null,
    "status": "Active",
    "monthlyRent": null,
    "createdAt": "2026-03-21T08:32:54.383Z",
    "updatedAt": "2026-03-21T08:32:54.383Z",
    "securityDeposit": null,
    "bedroom": null,
    "serviceFees": null
  }
]

Units: [
  {
    "id": 1,
    "propertyId": 1,
    "name": "A-101",
    "floor": "G",
    "status": "Occupied",
    "rentalMode": "FULL_UNIT",
    "bedrooms": 2,
    "rentAmount": "12000",
    "createdAt": "2026-02-05T09:49:27.284Z",
    "updatedAt": "2026-03-21T07:11:28.355Z"
  },
  {
    "id": 2,
    "propertyId": 1,
    "name": "A-102",
    "floor": "G",
    "status": "Occupied",
    "rentalMode": "FULL_UNIT",
    "bedrooms": 2,
    "rentAmount": "12000",
    "createdAt": "2026-02-05T09:49:27.284Z",
    "updatedAt": "2026-02-05T09:49:27.284Z"
  },
  {
    "id": 3,
    "propertyId": 1,
    "name": "A-103",
    "floor": "G",
    "status": "Occupied",
    "rentalMode": "FULL_UNIT",
    "bedrooms": 2,
    "rentAmount": "12000",
    "createdAt": "2026-02-05T09:49:27.284Z",
    "updatedAt": "2026-03-21T07:11:38.439Z"
  },
  {
    "id": 4,
    "propertyId": 2,
    "name": "B-201",
    "floor": "G",
    "status": "Occupied",
    "rentalMode": "FULL_UNIT",
    "bedrooms": 1,
    "rentAmount": "5000",
    "createdAt": "2026-02-05T09:49:27.297Z",
    "updatedAt": "2026-02-05T09:49:27.297Z"
  },
  {
    "id": 5,
    "propertyId": 2,
    "name": "B-202",
    "floor": "G",
    "status": "Occupied",
    "rentalMode": "FULL_UNIT",
    "bedrooms": 1,
    "rentAmount": "5000",
    "createdAt": "2026-02-05T09:49:27.297Z",
    "updatedAt": "2026-02-05T09:49:27.297Z"
  },
  {
    "id": 6,
    "propertyId": 3,
    "name": "2",
    "floor": "G",
    "status": "Vacant",
    "rentalMode": "FULL_UNIT",
    "bedrooms": 1,
    "rentAmount": "0",
    "createdAt": "2026-02-05T10:11:44.479Z",
    "updatedAt": "2026-03-13T05:02:20.060Z"
  },
  {
    "id": 7,
    "propertyId": 3,
    "name": "3",
    "floor": "G",
    "status": "Vacant",
    "rentalMode": "BEDROOM_WISE",
    "bedrooms": 3,
    "rentAmount": "0",
    "createdAt": "2026-02-05T10:11:53.759Z",
    "updatedAt": "2026-02-05T10:11:53.759Z"
  },
  {
    "id": 8,
    "propertyId": 4,
    "name": "3",
    "floor": "G",
    "status": "Vacant",
    "rentalMode": "FULL_UNIT",
    "bedrooms": 1,
    "rentAmount": "0",
    "createdAt": "2026-02-06T06:08:43.824Z",
    "updatedAt": "2026-03-12T11:12:48.447Z"
  },
  {
    "id": 9,
    "propertyId": 4,
    "name": "2",
    "floor": "G",
    "status": "Vacant",
    "rentalMode": "BEDROOM_WISE",
    "bedrooms": 3,
    "rentAmount": "0",
    "createdAt": "2026-02-06T06:08:53.179Z",
    "updatedAt": "2026-02-06T06:08:53.179Z"
  },
  {
    "id": 10,
    "propertyId": 5,
    "name": "4",
    "floor": "G",
    "status": "Vacant",
    "rentalMode": "FULL_UNIT",
    "bedrooms": 1,
    "rentAmount": "0",
    "createdAt": "2026-02-06T07:46:33.207Z",
    "updatedAt": "2026-03-13T05:01:58.496Z"
  },
  {
    "id": 11,
    "propertyId": 6,
    "name": "2",
    "floor": "G",
    "status": "Vacant",
    "rentalMode": "FULL_UNIT",
    "bedrooms": 1,
    "rentAmount": "0",
    "createdAt": "2026-02-06T10:49:01.044Z",
    "updatedAt": "2026-03-13T05:01:54.138Z"
  },
  {
    "id": 12,
    "propertyId": 6,
    "name": "3",
    "floor": "G",
    "status": "Vacant",
    "rentalMode": "BEDROOM_WISE",
    "bedrooms": 3,
    "rentAmount": "0",
    "createdAt": "2026-02-06T10:49:11.410Z",
    "updatedAt": "2026-02-28T08:52:03.057Z"
  },
  {
    "id": 19,
    "propertyId": 6,
    "name": "2",
    "floor": "G",
    "status": "Vacant",
    "rentalMode": "FULL_UNIT",
    "bedrooms": 1,
    "rentAmount": "0",
    "createdAt": "2026-02-27T09:39:43.258Z",
    "updatedAt": "2026-02-27T09:39:43.258Z"
  },
  {
    "id": 20,
    "propertyId": 10,
    "name": "2",
    "floor": "G",
    "status": "Occupied",
    "rentalMode": "FULL_UNIT",
    "bedrooms": 1,
    "rentAmount": "0",
    "createdAt": "2026-02-28T08:37:57.981Z",
    "updatedAt": "2026-02-28T08:39:02.181Z"
  },
  {
    "id": 21,
    "propertyId": 10,
    "name": "3",
    "floor": "G",
    "status": "Vacant",
    "rentalMode": "BEDROOM_WISE",
    "bedrooms": 3,
    "rentAmount": "0",
    "createdAt": "2026-02-28T08:38:08.653Z",
    "updatedAt": "2026-02-28T09:13:55.183Z"
  },
  {
    "id": 22,
    "propertyId": 11,
    "name": "2",
    "floor": "G",
    "status": "Vacant",
    "rentalMode": "FULL_UNIT",
    "bedrooms": 1,
    "rentAmount": "0",
    "createdAt": "2026-02-28T09:35:19.108Z",
    "updatedAt": "2026-03-13T13:24:53.580Z"
  },
  {
    "id": 23,
    "propertyId": 11,
    "name": "3",
    "floor": "G",
    "status": "Vacant",
    "rentalMode": "BEDROOM_WISE",
    "bedrooms": 3,
    "rentAmount": "0",
    "createdAt": "2026-02-28T09:35:27.198Z",
    "updatedAt": "2026-02-28T09:35:27.198Z"
  },
  {
    "id": 24,
    "propertyId": 12,
    "name": "2",
    "floor": "G",
    "status": "Occupied",
    "rentalMode": "FULL_UNIT",
    "bedrooms": 1,
    "rentAmount": "0",
    "createdAt": "2026-03-12T10:14:54.064Z",
    "updatedAt": "2026-03-12T10:16:00.038Z"
  },
  {
    "id": 25,
    "propertyId": 12,
    "name": "4",
    "floor": "G",
    "status": "Vacant",
    "rentalMode": "BEDROOM_WISE",
    "bedrooms": 3,
    "rentAmount": "0",
    "createdAt": "2026-03-12T10:15:01.790Z",
    "updatedAt": "2026-03-12T11:12:23.097Z"
  },
  {
    "id": 26,
    "propertyId": 13,
    "name": "3",
    "floor": "G",
    "status": "Vacant",
    "rentalMode": "FULL_UNIT",
    "bedrooms": 1,
    "rentAmount": "0",
    "createdAt": "2026-03-12T11:52:41.909Z",
    "updatedAt": "2026-03-13T13:25:00.021Z"
  },
  {
    "id": 27,
    "propertyId": 13,
    "name": "4",
    "floor": "G",
    "status": "Vacant",
    "rentalMode": "BEDROOM_WISE",
    "bedrooms": 3,
    "rentAmount": "0",
    "createdAt": "2026-03-12T11:52:51.626Z",
    "updatedAt": "2026-03-12T11:52:51.626Z"
  },
  {
    "id": 28,
    "propertyId": 13,
    "name": "4",
    "floor": "G",
    "status": "Vacant",
    "rentalMode": "BEDROOM_WISE",
    "bedrooms": 3,
    "rentAmount": "0",
    "createdAt": "2026-03-12T11:52:51.682Z",
    "updatedAt": "2026-03-13T13:24:56.534Z"
  },
  {
    "id": 29,
    "propertyId": 14,
    "name": "2",
    "floor": "G",
    "status": "Occupied",
    "rentalMode": "BEDROOM_WISE",
    "bedrooms": 3,
    "rentAmount": "0",
    "createdAt": "2026-03-13T06:13:48.184Z",
    "updatedAt": "2026-03-17T06:05:03.966Z"
  },
  {
    "id": 30,
    "propertyId": 14,
    "name": "4",
    "floor": "G",
    "status": "Occupied",
    "rentalMode": "FULL_UNIT",
    "bedrooms": 1,
    "rentAmount": "0",
    "createdAt": "2026-03-13T06:13:58.628Z",
    "updatedAt": "2026-03-13T06:16:40.892Z"
  },
  {
    "id": 31,
    "propertyId": 15,
    "name": "2",
    "floor": "G",
    "status": "Occupied",
    "rentalMode": "FULL_UNIT",
    "bedrooms": 1,
    "rentAmount": "0",
    "createdAt": "2026-03-14T06:01:36.698Z",
    "updatedAt": "2026-03-14T06:02:38.721Z"
  },
  {
    "id": 32,
    "propertyId": 15,
    "name": "3",
    "floor": "G",
    "status": "Vacant",
    "rentalMode": "BEDROOM_WISE",
    "bedrooms": 3,
    "rentAmount": "0",
    "createdAt": "2026-03-14T06:01:49.429Z",
    "updatedAt": "2026-03-14T06:01:49.429Z"
  },
  {
    "id": 33,
    "propertyId": 16,
    "name": "2",
    "floor": "G",
    "status": "Occupied",
    "rentalMode": "FULL_UNIT",
    "bedrooms": 1,
    "rentAmount": "0",
    "createdAt": "2026-03-19T07:02:35.293Z",
    "updatedAt": "2026-03-19T07:04:17.995Z"
  },
  {
    "id": 34,
    "propertyId": 16,
    "name": "3",
    "floor": "G",
    "status": "Vacant",
    "rentalMode": "BEDROOM_WISE",
    "bedrooms": 3,
    "rentAmount": "0",
    "createdAt": "2026-03-19T07:02:50.068Z",
    "updatedAt": "2026-03-19T07:02:50.068Z"
  },
  {
    "id": 35,
    "propertyId": 17,
    "name": "3",
    "floor": "G",
    "status": "Occupied",
    "rentalMode": "FULL_UNIT",
    "bedrooms": 1,
    "rentAmount": "0",
    "createdAt": "2026-03-19T07:15:19.461Z",
    "updatedAt": "2026-03-19T07:16:04.201Z"
  },
  {
    "id": 36,
    "propertyId": 18,
    "name": "2",
    "floor": "G",
    "status": "Occupied",
    "rentalMode": "FULL_UNIT",
    "bedrooms": 1,
    "rentAmount": "0",
    "createdAt": "2026-03-21T05:17:52.209Z",
    "updatedAt": "2026-03-21T07:56:19.884Z"
  },
  {
    "id": 37,
    "propertyId": 18,
    "name": "3",
    "floor": "G",
    "status": "Vacant",
    "rentalMode": "BEDROOM_WISE",
    "bedrooms": 3,
    "rentAmount": "0",
    "createdAt": "2026-03-21T05:18:00.307Z",
    "updatedAt": "2026-03-21T05:18:00.307Z"
  },
  {
    "id": 38,
    "propertyId": 19,
    "name": "3",
    "floor": "G",
    "status": "Occupied",
    "rentalMode": "BEDROOM_WISE",
    "bedrooms": 3,
    "rentAmount": "0",
    "createdAt": "2026-03-21T08:32:16.740Z",
    "updatedAt": "2026-03-21T08:32:54.389Z"
  }
]